<?xml version="1.0" encoding="UTF-8"?>
<!-- Generated by org.testng.reporters.JUnitXMLReporter -->
<testsuite ignored="0" hostname="JIYANSH" failures="2" tests="15" name="chrometest" time="18.411" errors="0" timestamp="2025-08-23T18:15:44 IST">
  <testcase classname="testCases.TC0003_VerifyMenuPanel" name="loginWithValidCredentials" time="2.862"/>
  <testcase classname="testCases.TC0003_VerifyMenuPanel" name="verifyLogoOnMenuPanel" time="0.106"/>
  <testcase classname="testCases.TC0003_VerifyMenuPanel" name="verifyAllAvailableMenuOptionsOnMenuPanel" time="0.061"/>
  <testcase classname="testCases.TC0003_VerifyMenuPanel" name="verifyAllAvailableMenuOptionsOnMenuPanel" time="0.082"/>
  <testcase classname="testCases.TC0003_VerifyMenuPanel" name="verifyAllAvailableMenuOptionsOnMenuPanel" time="0.286">
    <failure type="java.lang.AssertionError" message="Menu option &amp;apos;Leavea&amp;apos; is not available in the menu panel.">
      <![CDATA[java.lang.AssertionError: Menu option 'Leavea' is not available in the menu panel.
at testCases.TC0003_VerifyMenuPanel.verifyAllAvailableMenuOptionsOnMenuPanel(TC0003_VerifyMenuPanel.java:127)
at java.base/java.util.ArrayList.forEach(ArrayList.java:1597)
... Removed 26 stack frames]]>
    </failure>
  </testcase> <!-- verifyAllAvailableMenuOptionsOnMenuPanel -->
  <testcase classname="testCases.TC0003_VerifyMenuPanel" name="verifyAllAvailableMenuOptionsOnMenuPanel" time="0.102"/>
  <testcase classname="testCases.TC0003_VerifyMenuPanel" name="verifyAllAvailableMenuOptionsOnMenuPanel" time="0.118"/>
  <testcase classname="testCases.TC0003_VerifyMenuPanel" name="verifyAllAvailableMenuOptionsOnMenuPanel" time="0.195"/>
  <testcase classname="testCases.TC0003_VerifyMenuPanel" name="verifyAllAvailableMenuOptionsOnMenuPanel" time="0.141"/>
  <testcase classname="testCases.TC0003_VerifyMenuPanel" name="verifyAllAvailableMenuOptionsOnMenuPanel" time="0.257"/>
  <testcase classname="testCases.TC0003_VerifyMenuPanel" name="verifyAllAvailableMenuOptionsOnMenuPanel" time="0.273"/>
  <testcase classname="testCases.TC0003_VerifyMenuPanel" name="verifyAllAvailableMenuOptionsOnMenuPanel" time="0.302"/>
  <testcase classname="testCases.TC0003_VerifyMenuPanel" name="verifyAllAvailableMenuOptionsOnMenuPanel" time="0.275">
    <failure type="java.lang.AssertionError" message="Menu option &amp;apos;Claima&amp;apos; is not available in the menu panel.">
      <![CDATA[java.lang.AssertionError: Menu option 'Claima' is not available in the menu panel.
at testCases.TC0003_VerifyMenuPanel.verifyAllAvailableMenuOptionsOnMenuPanel(TC0003_VerifyMenuPanel.java:127)
at java.base/java.util.ArrayList.forEach(ArrayList.java:1597)
... Removed 26 stack frames]]>
    </failure>
  </testcase> <!-- verifyAllAvailableMenuOptionsOnMenuPanel -->
  <testcase classname="testCases.TC0003_VerifyMenuPanel" name="verifyAllAvailableMenuOptionsOnMenuPanel" time="0.284"/>
  <testcase classname="testCases.TC0003_VerifyMenuPanel" name="verifySearchBoxFunctionality" time="0.302"/>
</testsuite> <!-- chrometest -->
