<?xml version="1.0" encoding="UTF-8"?>
<!-- Generated by org.testng.reporters.JUnitXMLReporter -->
<testsuite ignored="0" hostname="JIYANSH" failures="7" tests="54" name="chrometest" time="150.779" errors="0" timestamp="2025-08-30T17:29:21 IST">
  <testcase classname="testCases.TestCaseWithStepsAlongWithScreenshotsInExtentReport" name="loginWithValidCredentials" time="3.461"/>
  <testcase classname="testCases.TestCaseWithStepsAlongWithScreenshotsInExtentReport" name="verifyLogoOnMenuPanel" time="1.265"/>
  <testcase classname="testCases.TestCaseWithStepsAlongWithScreenshotsInExtentReport" name="verifyAllAvailableMenuOptionsOnMenuPanel" time="0.724"/>
  <testcase classname="testCases.TestCaseWithStepsAlongWithScreenshotsInExtentReport" name="verifyAllAvailableMenuOptionsOnMenuPanel" time="0.699"/>
  <testcase classname="testCases.TestCaseWithStepsAlongWithScreenshotsInExtentReport" name="verifyAllAvailableMenuOptionsOnMenuPanel" time="0.832">
    <failure type="java.lang.AssertionError" message="Menu option &amp;apos;Leavea&amp;apos; is not available in the menu panel.">
      <![CDATA[java.lang.AssertionError: Menu option 'Leavea' is not available in the menu panel.
at testCases.TestCaseWithStepsAlongWithScreenshotsInExtentReport.verifyAllAvailableMenuOptionsOnMenuPanel(TestCaseWithStepsAlongWithScreenshotsInExtentReport.java:150)
at java.base/java.util.ArrayList.forEach(ArrayList.java:1597)
... Removed 26 stack frames]]>
    </failure>
  </testcase> <!-- verifyAllAvailableMenuOptionsOnMenuPanel -->
  <testcase classname="testCases.TestCaseWithStepsAlongWithScreenshotsInExtentReport" name="verifyAllAvailableMenuOptionsOnMenuPanel" time="0.837"/>
  <testcase classname="testCases.TestCaseWithStepsAlongWithScreenshotsInExtentReport" name="verifyAllAvailableMenuOptionsOnMenuPanel" time="0.818"/>
  <testcase classname="testCases.TestCaseWithStepsAlongWithScreenshotsInExtentReport" name="verifyAllAvailableMenuOptionsOnMenuPanel" time="0.838"/>
  <testcase classname="testCases.TestCaseWithStepsAlongWithScreenshotsInExtentReport" name="verifyAllAvailableMenuOptionsOnMenuPanel" time="0.946"/>
  <testcase classname="testCases.TestCaseWithStepsAlongWithScreenshotsInExtentReport" name="verifyAllAvailableMenuOptionsOnMenuPanel" time="0.971"/>
  <testcase classname="testCases.TestCaseWithStepsAlongWithScreenshotsInExtentReport" name="verifyAllAvailableMenuOptionsOnMenuPanel" time="0.888"/>
  <testcase classname="testCases.TestCaseWithStepsAlongWithScreenshotsInExtentReport" name="verifyAllAvailableMenuOptionsOnMenuPanel" time="0.926"/>
  <testcase classname="testCases.TestCaseWithStepsAlongWithScreenshotsInExtentReport" name="verifyAllAvailableMenuOptionsOnMenuPanel" time="0.777">
    <failure type="java.lang.AssertionError" message="Menu option &amp;apos;Claima&amp;apos; is not available in the menu panel.">
      <![CDATA[java.lang.AssertionError: Menu option 'Claima' is not available in the menu panel.
at testCases.TestCaseWithStepsAlongWithScreenshotsInExtentReport.verifyAllAvailableMenuOptionsOnMenuPanel(TestCaseWithStepsAlongWithScreenshotsInExtentReport.java:150)
at java.base/java.util.ArrayList.forEach(ArrayList.java:1597)
... Removed 26 stack frames]]>
    </failure>
  </testcase> <!-- verifyAllAvailableMenuOptionsOnMenuPanel -->
  <testcase classname="testCases.TestCaseWithStepsAlongWithScreenshotsInExtentReport" name="verifyAllAvailableMenuOptionsOnMenuPanel" time="0.996"/>
  <testcase classname="testCases.TestCaseWithStepsAlongWithScreenshotsInExtentReport" name="verifySearchBoxFunctionality" time="1.48"/>
  <testcase classname="testCases.TC001_ValidateHomePage" name="verifyTitle" time="0.027"/>
  <testcase classname="testCases.TC001_ValidateHomePage" name="verifyLogo" time="1.932"/>
  <testcase classname="testCases.TC002_ValidateLoginFunctionality" name="verifyLogin" time="4.7"/>
  <testcase classname="testCases.TC002_ValidateLoginFunctionality" name="verifyLogin" time="12.355"/>
  <testcase classname="testCases.TC002_ValidateLoginFunctionality" name="verifyLogin" time="12.146"/>
  <testcase classname="testCases.TC003_ValidateAdminMainPage" name="login" time="0.485">
    <failure type="java.lang.AssertionError" message="Test failed due to exception: Keys to send should be a not null CharSequence">
      <![CDATA[java.lang.AssertionError: Test failed due to exception: Keys to send should be a not null CharSequence
at testCases.TC003_ValidateAdminMainPage.login(TC003_ValidateAdminMainPage.java:49)
at java.base/java.util.ArrayList.forEach(ArrayList.java:1597)
... Removed 26 stack frames]]>
    </failure>
  </testcase> <!-- login -->
  <testcase classname="testCases.TC003_ValidateAdminMainPage" name="clickAdminMenu" time="0.0">
    <skipped/>
  </testcase> <!-- clickAdminMenu -->
  <testcase classname="testCases.TC003_ValidateAdminMainPage" name="verifySystemUser" time="0.0">
    <skipped/>
  </testcase> <!-- verifySystemUser -->
  <testcase classname="testCases.TC004_SearchUsersFunctionality" name="login" time="0.468">
    <failure type="java.lang.AssertionError" message="Test failed due to exception: Keys to send should be a not null CharSequence">
      <![CDATA[java.lang.AssertionError: Test failed due to exception: Keys to send should be a not null CharSequence
at testCases.TC004_SearchUsersFunctionality.login(TC004_SearchUsersFunctionality.java:46)
at java.base/java.util.ArrayList.forEach(ArrayList.java:1597)
... Removed 26 stack frames]]>
    </failure>
  </testcase> <!-- login -->
  <testcase classname="testCases.TC004_SearchUsersFunctionality" name="clickUserManagementMenu" time="0.0">
    <skipped/>
  </testcase> <!-- clickUserManagementMenu -->
  <testcase classname="testCases.TC004_SearchUsersFunctionality" name="testTableData" time="0.0">
    <skipped/>
  </testcase> <!-- testTableData -->
  <testcase classname="testCases.TC004_SearchUsersFunctionality" name="validateSearchFunctionality" time="0.0">
    <skipped/>
  </testcase> <!-- validateSearchFunctionality -->
  <testcase classname="testCases.TC004_SearchUsersFunctionality" name="validateClickOnAddbutton" time="0.0">
    <skipped/>
  </testcase> <!-- validateClickOnAddbutton -->
  <testcase classname="testCases.TC004_SearchUsersFunctionality" name="validateAddUserFunctionality" time="0.0">
    <skipped/>
  </testcase> <!-- validateAddUserFunctionality -->
  <testcase classname="testCases.TC0001_VerifyUIElementsOnLoginPage" name="verifyLoginPageTitle" time="0.023"/>
  <testcase classname="testCases.TC0001_VerifyUIElementsOnLoginPage" name="verifyLogoIsDisplayed" time="0.795"/>
  <testcase classname="testCases.TC0001_VerifyUIElementsOnLoginPage" name="verifyUsernameLabelIsDisplayed" time="0.077"/>
  <testcase classname="testCases.TC0001_VerifyUIElementsOnLoginPage" name="verifyPasswordLabelIsDisplayed" time="0.06"/>
  <testcase classname="testCases.TC0001_VerifyUIElementsOnLoginPage" name="verifyLoginButtonIsDisplayed" time="0.06"/>
  <testcase classname="testCases.TC0001_VerifyUIElementsOnLoginPage" name="verifyForgotPasswordLinkIsDisplayed" time="0.057"/>
  <testcase classname="testCases.TC0002_VerifyLoginFunctionality" name="verifyLoginFunctionality" time="5.002"/>
  <testcase classname="testCases.TC0002_VerifyLoginFunctionality" name="verifyLoginFunctionality" time="12.361"/>
  <testcase classname="testCases.TC0002_VerifyLoginFunctionality" name="verifyLoginFunctionality" time="12.404"/>
  <testcase classname="testCases.TC0002_VerifyLoginFunctionality" name="verifyErrorMessageIsDisplayed" time="2.563">
    <failure type="java.lang.AssertionError" message="Error message mismatch. Expected: &amp;apos;Invalid credentialsp&amp;apos;, Found: &amp;apos;Invalid credentials&amp;apos;.">
      <![CDATA[java.lang.AssertionError: Error message mismatch. Expected: 'Invalid credentialsp', Found: 'Invalid credentials'.
at testCases.TC0002_VerifyLoginFunctionality.verifyErrorMessageIsDisplayed(TC0002_VerifyLoginFunctionality.java:155)
at java.base/java.util.ArrayList.forEach(ArrayList.java:1597)
... Removed 26 stack frames]]>
    </failure>
  </testcase> <!-- verifyErrorMessageIsDisplayed -->
  <testcase classname="testCases.TC0003_VerifyAvailableMenuOnMenuPanel" name="loginWithValidCredentials" time="2.864"/>
  <testcase classname="testCases.TC0003_VerifyAvailableMenuOnMenuPanel" name="verifyLogoOnMenuPanel" time="0.094"/>
  <testcase classname="testCases.TC0003_VerifyAvailableMenuOnMenuPanel" name="verifyAllAvailableMenuOptionsOnMenuPanel" time="0.057"/>
  <testcase classname="testCases.TC0003_VerifyAvailableMenuOnMenuPanel" name="verifyAllAvailableMenuOptionsOnMenuPanel" time="0.063"/>
  <testcase classname="testCases.TC0003_VerifyAvailableMenuOnMenuPanel" name="verifyAllAvailableMenuOptionsOnMenuPanel" time="0.243">
    <failure type="java.lang.AssertionError" message="Menu option &amp;apos;Leavea&amp;apos; is not available in the menu panel.">
      <![CDATA[java.lang.AssertionError: Menu option 'Leavea' is not available in the menu panel.
at testCases.TC0003_VerifyAvailableMenuOnMenuPanel.verifyAllAvailableMenuOptionsOnMenuPanel(TC0003_VerifyAvailableMenuOnMenuPanel.java:131)
at java.base/java.util.ArrayList.forEach(ArrayList.java:1597)
... Removed 26 stack frames]]>
    </failure>
  </testcase> <!-- verifyAllAvailableMenuOptionsOnMenuPanel -->
  <testcase classname="testCases.TC0003_VerifyAvailableMenuOnMenuPanel" name="verifyAllAvailableMenuOptionsOnMenuPanel" time="0.085"/>
  <testcase classname="testCases.TC0003_VerifyAvailableMenuOnMenuPanel" name="verifyAllAvailableMenuOptionsOnMenuPanel" time="0.082"/>
  <testcase classname="testCases.TC0003_VerifyAvailableMenuOnMenuPanel" name="verifyAllAvailableMenuOptionsOnMenuPanel" time="0.089"/>
  <testcase classname="testCases.TC0003_VerifyAvailableMenuOnMenuPanel" name="verifyAllAvailableMenuOptionsOnMenuPanel" time="0.146"/>
  <testcase classname="testCases.TC0003_VerifyAvailableMenuOnMenuPanel" name="verifyAllAvailableMenuOptionsOnMenuPanel" time="0.148"/>
  <testcase classname="testCases.TC0003_VerifyAvailableMenuOnMenuPanel" name="verifyAllAvailableMenuOptionsOnMenuPanel" time="0.142"/>
  <testcase classname="testCases.TC0003_VerifyAvailableMenuOnMenuPanel" name="verifyAllAvailableMenuOptionsOnMenuPanel" time="0.108"/>
  <testcase classname="testCases.TC0003_VerifyAvailableMenuOnMenuPanel" name="verifyAllAvailableMenuOptionsOnMenuPanel" time="0.2">
    <failure type="java.lang.AssertionError" message="Menu option &amp;apos;Claima&amp;apos; is not available in the menu panel.">
      <![CDATA[java.lang.AssertionError: Menu option 'Claima' is not available in the menu panel.
at testCases.TC0003_VerifyAvailableMenuOnMenuPanel.verifyAllAvailableMenuOptionsOnMenuPanel(TC0003_VerifyAvailableMenuOnMenuPanel.java:131)
at java.base/java.util.ArrayList.forEach(ArrayList.java:1597)
... Removed 26 stack frames]]>
    </failure>
  </testcase> <!-- verifyAllAvailableMenuOptionsOnMenuPanel -->
  <testcase classname="testCases.TC0003_VerifyAvailableMenuOnMenuPanel" name="verifyAllAvailableMenuOptionsOnMenuPanel" time="0.205"/>
  <testcase classname="testCases.TC0003_VerifyAvailableMenuOnMenuPanel" name="verifySearchBoxFunctionality" time="0.198"/>
</testsuite> <!-- chrometest -->
