<?xml version="1.0" encoding="UTF-8"?>
<!-- Generated by org.testng.reporters.JUnitXMLReporter -->
<testsuite ignored="0" hostname="JIYANSH" failures="1" tests="1" name="edgetest" time="6.703" errors="0" timestamp="2025-07-26T20:04:29 IST">
  <testcase classname="testCases.TC001_ValidateTitleOfThePage" name="verifyTitle" time="0.078">
    <failure type="java.lang.AssertionError" message="Title mismatch.">
      <![CDATA[java.lang.AssertionError: Title mismatch.
at testCases.TC001_ValidateTitleOfThePage.verifyTitle(TC001_ValidateTitleOfThePage.java:34)
at java.base/java.util.ArrayList.forEach(ArrayList.java:1597)
at java.base/java.util.concurrent.FutureTask.run(FutureTask.java:317)
at java.base/java.util.concurrent.ThreadPoolExecutor.runWorker(ThreadPoolExecutor.java:1144)
at java.base/java.util.concurrent.ThreadPoolExecutor$Worker.run(ThreadPoolExecutor.java:642)
at java.base/java.lang.Thread.run(Thread.java:1570)
... Removed 16 stack frames]]>
    </failure>
  </testcase> <!-- verifyTitle -->
</testsuite> <!-- edgetest -->
