<?xml version="1.0" encoding="UTF-8"?>
<!-- Generated by org.testng.reporters.JUnitXMLReporter -->
<testsuite ignored="1" hostname="JIYANSH" failures="1" tests="1" name="chrometest(failed)" time="7.483" errors="0" timestamp="2025-07-27T14:48:32 IST">
  <testcase classname="testCases.TC001_ValidateTitleOfThePage" name="enterData" time="1.278">
    <failure type="org.testng.internal.reflect.MethodMatcherException" message="
[public void testCases.TC001_ValidateTitleOfThePage.enterData(java.lang.String)] has no parameters defined but was found to be using a data provider (either explicitly specified or inherited from class level annotation).
Data provider mismatch
Method: enterData([java.lang.String arg0])
Arguments: [(java.lang.String) Pushkal,(java.lang.String) pushkal@gmail1.com,(java.lang.String) 9874563215,(java.lang.String) Mumbai,(java.lang.String) Valid]">
      <![CDATA[org.testng.internal.reflect.MethodMatcherException: 
[public void testCases.TC001_ValidateTitleOfThePage.enterData(java.lang.String)] has no parameters defined but was found to be using a data provider (either explicitly specified or inherited from class level annotation).
Data provider mismatch
Method: enterData([java.lang.String arg0])
Arguments: [(java.lang.String) Pushkal,(java.lang.String) pushkal@gmail1.com,(java.lang.String) 9874563215,(java.lang.String) Mumbai,(java.lang.String) Valid]
at java.base/java.util.ArrayList.forEach(ArrayList.java:1597)
... Removed 22 stack frames]]>
    </failure>
  </testcase> <!-- enterData -->
  <testcase classname="testCases.TC001_ValidateTitleOfThePage" name="verifyTitle" time="0.0">
    <ignored/>
  </testcase> <!-- verifyTitle -->
</testsuite> <!-- chrometest(failed) -->
