<?xml version="1.0" encoding="UTF-8"?>
<testng-results ignored="0" total="15" passed="13" failed="2" skipped="0">
  <reporter-output>
  </reporter-output>
  <suite started-at="2025-08-23T18:15:23 IST" name="Suite" finished-at="2025-08-23T18:15:41 IST" duration-ms="18411">
    <groups>
    </groups>
    <test started-at="2025-08-23T18:15:23 IST" name="chrometest" finished-at="2025-08-23T18:15:41 IST" duration-ms="18411">
      <class name="testCases.TC0003_VerifyMenuPanel">
        <test-method is-config="true" signature="setup(java.lang.String,java.lang.String)[pri:0, instance:testCases.TC0003_VerifyMenuPanel@63475ace]" started-at="2025-08-23T18:15:23 IST" name="setup" finished-at="2025-08-23T18:15:28 IST" duration-ms="5556" status="PASS">
          <params>
            <param index="0">
              <value>
                <![CDATA[Windows]]>
              </value>
            </param>
            <param index="1">
              <value>
                <![CDATA[chrome]]>
              </value>
            </param>
          </params>
          <reporter-output>
          </reporter-output>
        </test-method> <!-- setup -->
        <test-method signature="loginWithValidCredentials()[pri:0, instance:testCases.TC0003_VerifyMenuPanel@63475ace]" started-at="2025-08-23T18:15:29 IST" name="loginWithValidCredentials" description="Login with valid credentials" finished-at="2025-08-23T18:15:31 IST" duration-ms="2862" status="PASS">
          <reporter-output>
          </reporter-output>
        </test-method> <!-- loginWithValidCredentials -->
        <test-method signature="verifyLogoOnMenuPanel()[pri:1, instance:testCases.TC0003_VerifyMenuPanel@63475ace]" started-at="2025-08-23T18:15:32 IST" name="verifyLogoOnMenuPanel" description="Verify the presence of the logo on the menu panel" finished-at="2025-08-23T18:15:32 IST" depends-on-methods="testCases.TC0003_VerifyMenuPanel.loginWithValidCredentials" duration-ms="106" status="PASS">
          <reporter-output>
          </reporter-output>
        </test-method> <!-- verifyLogoOnMenuPanel -->
        <test-method signature="verifyAllAvailableMenuOptionsOnMenuPanel(java.lang.String)[pri:2, instance:testCases.TC0003_VerifyMenuPanel@63475ace]" started-at="2025-08-23T18:15:34 IST" name="verifyAllAvailableMenuOptionsOnMenuPanel" description="Verify available menu options in the menu panel" data-provider="MenuListData" finished-at="2025-08-23T18:15:34 IST" depends-on-methods="testCases.TC0003_VerifyMenuPanel.loginWithValidCredentials" duration-ms="61" status="PASS">
          <params>
            <param index="0">
              <value>
                <![CDATA[Admin]]>
              </value>
            </param>
          </params>
          <reporter-output>
          </reporter-output>
        </test-method> <!-- verifyAllAvailableMenuOptionsOnMenuPanel -->
        <test-method signature="verifyAllAvailableMenuOptionsOnMenuPanel(java.lang.String)[pri:2, instance:testCases.TC0003_VerifyMenuPanel@63475ace]" started-at="2025-08-23T18:15:34 IST" name="verifyAllAvailableMenuOptionsOnMenuPanel" description="Verify available menu options in the menu panel" data-provider="MenuListData" finished-at="2025-08-23T18:15:34 IST" depends-on-methods="testCases.TC0003_VerifyMenuPanel.loginWithValidCredentials" duration-ms="82" status="PASS">
          <params>
            <param index="0">
              <value>
                <![CDATA[PIM]]>
              </value>
            </param>
          </params>
          <reporter-output>
          </reporter-output>
        </test-method> <!-- verifyAllAvailableMenuOptionsOnMenuPanel -->
        <test-method signature="verifyAllAvailableMenuOptionsOnMenuPanel(java.lang.String)[pri:2, instance:testCases.TC0003_VerifyMenuPanel@63475ace]" started-at="2025-08-23T18:15:34 IST" name="verifyAllAvailableMenuOptionsOnMenuPanel" description="Verify available menu options in the menu panel" data-provider="MenuListData" finished-at="2025-08-23T18:15:35 IST" depends-on-methods="testCases.TC0003_VerifyMenuPanel.loginWithValidCredentials" duration-ms="286" status="FAIL">
          <params>
            <param index="0">
              <value>
                <![CDATA[Leavea]]>
              </value>
            </param>
          </params>
          <exception class="java.lang.AssertionError">
            <message>
              <![CDATA[Menu option 'Leavea' is not available in the menu panel.]]>
            </message>
            <full-stacktrace>
              <![CDATA[java.lang.AssertionError: Menu option 'Leavea' is not available in the menu panel.
at org.testng.Assert.fail(Assert.java:111)
at testCases.TC0003_VerifyMenuPanel.verifyAllAvailableMenuOptionsOnMenuPanel(TC0003_VerifyMenuPanel.java:127)
at java.base/jdk.internal.reflect.DirectMethodHandleAccessor.invoke(DirectMethodHandleAccessor.java:103)
at java.base/java.lang.reflect.Method.invoke(Method.java:580)
at org.testng.internal.invokers.MethodInvocationHelper.invokeMethod(MethodInvocationHelper.java:141)
at org.testng.internal.invokers.TestInvoker.invokeMethod(TestInvoker.java:687)
at org.testng.internal.invokers.TestInvoker.invokeTestMethod(TestInvoker.java:230)
at org.testng.internal.invokers.MethodRunner.runInSequence(MethodRunner.java:63)
at org.testng.internal.invokers.TestInvoker$MethodInvocationAgent.invoke(TestInvoker.java:995)
at org.testng.internal.invokers.TestInvoker.invokeTestMethods(TestInvoker.java:203)
at org.testng.internal.invokers.TestMethodWorker.invokeTestMethods(TestMethodWorker.java:154)
at org.testng.internal.invokers.TestMethodWorker.run(TestMethodWorker.java:134)
at java.base/java.util.ArrayList.forEach(ArrayList.java:1597)
at org.testng.TestRunner.privateRun(TestRunner.java:741)
at org.testng.TestRunner.run(TestRunner.java:616)
at org.testng.SuiteRunner.runTest(SuiteRunner.java:421)
at org.testng.SuiteRunner.runSequentially(SuiteRunner.java:413)
at org.testng.SuiteRunner.privateRun(SuiteRunner.java:373)
at org.testng.SuiteRunner.run(SuiteRunner.java:312)
at org.testng.SuiteRunnerWorker.runSuite(SuiteRunnerWorker.java:52)
at org.testng.SuiteRunnerWorker.run(SuiteRunnerWorker.java:95)
at org.testng.TestNG.runSuitesSequentially(TestNG.java:1274)
at org.testng.TestNG.runSuitesLocally(TestNG.java:1208)
at org.testng.TestNG.runSuites(TestNG.java:1112)
at org.testng.TestNG.run(TestNG.java:1079)
at org.testng.remote.AbstractRemoteTestNG.run(AbstractRemoteTestNG.java:115)
at org.testng.remote.RemoteTestNG.initAndRun(RemoteTestNG.java:293)
at org.testng.remote.RemoteTestNG.main(RemoteTestNG.java:91)
]]>
            </full-stacktrace>
          </exception> <!-- java.lang.AssertionError -->
          <reporter-output>
          </reporter-output>
        </test-method> <!-- verifyAllAvailableMenuOptionsOnMenuPanel -->
        <test-method signature="verifyAllAvailableMenuOptionsOnMenuPanel(java.lang.String)[pri:2, instance:testCases.TC0003_VerifyMenuPanel@63475ace]" started-at="2025-08-23T18:15:35 IST" name="verifyAllAvailableMenuOptionsOnMenuPanel" description="Verify available menu options in the menu panel" data-provider="MenuListData" finished-at="2025-08-23T18:15:35 IST" depends-on-methods="testCases.TC0003_VerifyMenuPanel.loginWithValidCredentials" duration-ms="102" status="PASS">
          <params>
            <param index="0">
              <value>
                <![CDATA[Time]]>
              </value>
            </param>
          </params>
          <reporter-output>
          </reporter-output>
        </test-method> <!-- verifyAllAvailableMenuOptionsOnMenuPanel -->
        <test-method signature="verifyAllAvailableMenuOptionsOnMenuPanel(java.lang.String)[pri:2, instance:testCases.TC0003_VerifyMenuPanel@63475ace]" started-at="2025-08-23T18:15:35 IST" name="verifyAllAvailableMenuOptionsOnMenuPanel" description="Verify available menu options in the menu panel" data-provider="MenuListData" finished-at="2025-08-23T18:15:35 IST" depends-on-methods="testCases.TC0003_VerifyMenuPanel.loginWithValidCredentials" duration-ms="118" status="PASS">
          <params>
            <param index="0">
              <value>
                <![CDATA[Recruitment]]>
              </value>
            </param>
          </params>
          <reporter-output>
          </reporter-output>
        </test-method> <!-- verifyAllAvailableMenuOptionsOnMenuPanel -->
        <test-method signature="verifyAllAvailableMenuOptionsOnMenuPanel(java.lang.String)[pri:2, instance:testCases.TC0003_VerifyMenuPanel@63475ace]" started-at="2025-08-23T18:15:35 IST" name="verifyAllAvailableMenuOptionsOnMenuPanel" description="Verify available menu options in the menu panel" data-provider="MenuListData" finished-at="2025-08-23T18:15:36 IST" depends-on-methods="testCases.TC0003_VerifyMenuPanel.loginWithValidCredentials" duration-ms="195" status="PASS">
          <params>
            <param index="0">
              <value>
                <![CDATA[My Info]]>
              </value>
            </param>
          </params>
          <reporter-output>
          </reporter-output>
        </test-method> <!-- verifyAllAvailableMenuOptionsOnMenuPanel -->
        <test-method signature="verifyAllAvailableMenuOptionsOnMenuPanel(java.lang.String)[pri:2, instance:testCases.TC0003_VerifyMenuPanel@63475ace]" started-at="2025-08-23T18:15:36 IST" name="verifyAllAvailableMenuOptionsOnMenuPanel" description="Verify available menu options in the menu panel" data-provider="MenuListData" finished-at="2025-08-23T18:15:36 IST" depends-on-methods="testCases.TC0003_VerifyMenuPanel.loginWithValidCredentials" duration-ms="141" status="PASS">
          <params>
            <param index="0">
              <value>
                <![CDATA[Performance]]>
              </value>
            </param>
          </params>
          <reporter-output>
          </reporter-output>
        </test-method> <!-- verifyAllAvailableMenuOptionsOnMenuPanel -->
        <test-method signature="verifyAllAvailableMenuOptionsOnMenuPanel(java.lang.String)[pri:2, instance:testCases.TC0003_VerifyMenuPanel@63475ace]" started-at="2025-08-23T18:15:36 IST" name="verifyAllAvailableMenuOptionsOnMenuPanel" description="Verify available menu options in the menu panel" data-provider="MenuListData" finished-at="2025-08-23T18:15:36 IST" depends-on-methods="testCases.TC0003_VerifyMenuPanel.loginWithValidCredentials" duration-ms="257" status="PASS">
          <params>
            <param index="0">
              <value>
                <![CDATA[Dashboard]]>
              </value>
            </param>
          </params>
          <reporter-output>
          </reporter-output>
        </test-method> <!-- verifyAllAvailableMenuOptionsOnMenuPanel -->
        <test-method signature="verifyAllAvailableMenuOptionsOnMenuPanel(java.lang.String)[pri:2, instance:testCases.TC0003_VerifyMenuPanel@63475ace]" started-at="2025-08-23T18:15:36 IST" name="verifyAllAvailableMenuOptionsOnMenuPanel" description="Verify available menu options in the menu panel" data-provider="MenuListData" finished-at="2025-08-23T18:15:37 IST" depends-on-methods="testCases.TC0003_VerifyMenuPanel.loginWithValidCredentials" duration-ms="273" status="PASS">
          <params>
            <param index="0">
              <value>
                <![CDATA[Directory]]>
              </value>
            </param>
          </params>
          <reporter-output>
          </reporter-output>
        </test-method> <!-- verifyAllAvailableMenuOptionsOnMenuPanel -->
        <test-method signature="verifyAllAvailableMenuOptionsOnMenuPanel(java.lang.String)[pri:2, instance:testCases.TC0003_VerifyMenuPanel@63475ace]" started-at="2025-08-23T18:15:37 IST" name="verifyAllAvailableMenuOptionsOnMenuPanel" description="Verify available menu options in the menu panel" data-provider="MenuListData" finished-at="2025-08-23T18:15:37 IST" depends-on-methods="testCases.TC0003_VerifyMenuPanel.loginWithValidCredentials" duration-ms="302" status="PASS">
          <params>
            <param index="0">
              <value>
                <![CDATA[Maintenance]]>
              </value>
            </param>
          </params>
          <reporter-output>
          </reporter-output>
        </test-method> <!-- verifyAllAvailableMenuOptionsOnMenuPanel -->
        <test-method signature="verifyAllAvailableMenuOptionsOnMenuPanel(java.lang.String)[pri:2, instance:testCases.TC0003_VerifyMenuPanel@63475ace]" started-at="2025-08-23T18:15:37 IST" name="verifyAllAvailableMenuOptionsOnMenuPanel" description="Verify available menu options in the menu panel" data-provider="MenuListData" finished-at="2025-08-23T18:15:38 IST" depends-on-methods="testCases.TC0003_VerifyMenuPanel.loginWithValidCredentials" duration-ms="275" status="FAIL">
          <params>
            <param index="0">
              <value>
                <![CDATA[Claima]]>
              </value>
            </param>
          </params>
          <exception class="java.lang.AssertionError">
            <message>
              <![CDATA[Menu option 'Claima' is not available in the menu panel.]]>
            </message>
            <full-stacktrace>
              <![CDATA[java.lang.AssertionError: Menu option 'Claima' is not available in the menu panel.
at org.testng.Assert.fail(Assert.java:111)
at testCases.TC0003_VerifyMenuPanel.verifyAllAvailableMenuOptionsOnMenuPanel(TC0003_VerifyMenuPanel.java:127)
at java.base/jdk.internal.reflect.DirectMethodHandleAccessor.invoke(DirectMethodHandleAccessor.java:103)
at java.base/java.lang.reflect.Method.invoke(Method.java:580)
at org.testng.internal.invokers.MethodInvocationHelper.invokeMethod(MethodInvocationHelper.java:141)
at org.testng.internal.invokers.TestInvoker.invokeMethod(TestInvoker.java:687)
at org.testng.internal.invokers.TestInvoker.invokeTestMethod(TestInvoker.java:230)
at org.testng.internal.invokers.MethodRunner.runInSequence(MethodRunner.java:63)
at org.testng.internal.invokers.TestInvoker$MethodInvocationAgent.invoke(TestInvoker.java:995)
at org.testng.internal.invokers.TestInvoker.invokeTestMethods(TestInvoker.java:203)
at org.testng.internal.invokers.TestMethodWorker.invokeTestMethods(TestMethodWorker.java:154)
at org.testng.internal.invokers.TestMethodWorker.run(TestMethodWorker.java:134)
at java.base/java.util.ArrayList.forEach(ArrayList.java:1597)
at org.testng.TestRunner.privateRun(TestRunner.java:741)
at org.testng.TestRunner.run(TestRunner.java:616)
at org.testng.SuiteRunner.runTest(SuiteRunner.java:421)
at org.testng.SuiteRunner.runSequentially(SuiteRunner.java:413)
at org.testng.SuiteRunner.privateRun(SuiteRunner.java:373)
at org.testng.SuiteRunner.run(SuiteRunner.java:312)
at org.testng.SuiteRunnerWorker.runSuite(SuiteRunnerWorker.java:52)
at org.testng.SuiteRunnerWorker.run(SuiteRunnerWorker.java:95)
at org.testng.TestNG.runSuitesSequentially(TestNG.java:1274)
at org.testng.TestNG.runSuitesLocally(TestNG.java:1208)
at org.testng.TestNG.runSuites(TestNG.java:1112)
at org.testng.TestNG.run(TestNG.java:1079)
at org.testng.remote.AbstractRemoteTestNG.run(AbstractRemoteTestNG.java:115)
at org.testng.remote.RemoteTestNG.initAndRun(RemoteTestNG.java:293)
at org.testng.remote.RemoteTestNG.main(RemoteTestNG.java:91)
]]>
            </full-stacktrace>
          </exception> <!-- java.lang.AssertionError -->
          <reporter-output>
          </reporter-output>
        </test-method> <!-- verifyAllAvailableMenuOptionsOnMenuPanel -->
        <test-method signature="verifyAllAvailableMenuOptionsOnMenuPanel(java.lang.String)[pri:2, instance:testCases.TC0003_VerifyMenuPanel@63475ace]" started-at="2025-08-23T18:15:38 IST" name="verifyAllAvailableMenuOptionsOnMenuPanel" description="Verify available menu options in the menu panel" data-provider="MenuListData" finished-at="2025-08-23T18:15:38 IST" depends-on-methods="testCases.TC0003_VerifyMenuPanel.loginWithValidCredentials" duration-ms="284" status="PASS">
          <params>
            <param index="0">
              <value>
                <![CDATA[Buzz]]>
              </value>
            </param>
          </params>
          <reporter-output>
          </reporter-output>
        </test-method> <!-- verifyAllAvailableMenuOptionsOnMenuPanel -->
        <test-method signature="verifySearchBoxFunctionality()[pri:3, instance:testCases.TC0003_VerifyMenuPanel@63475ace]" started-at="2025-08-23T18:15:38 IST" name="verifySearchBoxFunctionality" description="Verify Search Box functionality in the menu panel" finished-at="2025-08-23T18:15:39 IST" depends-on-methods="testCases.TC0003_VerifyMenuPanel.loginWithValidCredentials" duration-ms="302" status="PASS">
          <reporter-output>
          </reporter-output>
        </test-method> <!-- verifySearchBoxFunctionality -->
        <test-method is-config="true" signature="tearDown()[pri:0, instance:testCases.TC0003_VerifyMenuPanel@63475ace]" started-at="2025-08-23T18:15:39 IST" name="tearDown" finished-at="2025-08-23T18:15:41 IST" duration-ms="2252" status="PASS">
          <reporter-output>
          </reporter-output>
        </test-method> <!-- tearDown -->
      </class> <!-- testCases.TC0003_VerifyMenuPanel -->
    </test> <!-- chrometest -->
  </suite> <!-- Suite -->
</testng-results>
